<?xml version="1.0" encoding="UTF-8"?>
<!-- Generated by org.testng.reporters.JUnitReportReporter -->
<testsuite hostname="user-PC" name="com.actitime.genericlib.Beforeandafterclass" tests="2" failures="0" timestamp="10 Nov 2019 21:15:51 GMT" time="0.050" errors="0">
  <testcase name="createcustomertest" time="0.033" classname="com.actitime.genericlib.Beforeandafterclass"/>
  <testcase name="modifycustomertest" time="0.017" classname="com.actitime.genericlib.Beforeandafterclass"/>
</testsuite> <!-- com.actitime.genericlib.Beforeandafterclass -->
