<?xml version="1.0" encoding="UTF-8"?>
<!-- Generated by org.testng.reporters.JUnitReportReporter -->
<testsuite hostname="user-PC" name="com.actitime.genericlib.Test1" tests="2" failures="0" timestamp="6 Sep 2019 14:59:08 GMT" time="0.013" errors="0">
  <testcase name="modifycustomertest" time="0.001" classname="com.actitime.genericlib.Test1"/>
  <testcase name="createcustomertest" time="0.012" classname="com.actitime.genericlib.Test1"/>
</testsuite> <!-- com.actitime.genericlib.Test1 -->
