<?xml version="1.0" encoding="UTF-8"?>
<!-- Generated by org.testng.reporters.JUnitReportReporter -->
<testsuite hostname="user-PC" name="com.actitime.genericlib.Testannotationprogram" tests="3" failures="0" timestamp="10 Nov 2019 20:38:14 GMT" time="0.109" errors="0">
  <testcase name="modifycustomertest" time="0.031" classname="com.actitime.genericlib.Testannotationprogram"/>
  <testcase name="deletecustomertest" time="0.047" classname="com.actitime.genericlib.Testannotationprogram"/>
  <testcase name="createcustomertest" time="0.031" classname="com.actitime.genericlib.Testannotationprogram"/>
</testsuite> <!-- com.actitime.genericlib.Testannotationprogram -->
