<?xml version="1.0" encoding="UTF-8"?>
<!-- Generated by org.testng.reporters.JUnitReportReporter -->
<testsuite hostname="user-PC" name="com.actitime.genericlib.Beforeandaftermethodtest" tests="2" failures="0" timestamp="5 Sep 2019 14:38:12 GMT" time="0.041" errors="0">
  <testcase name="createcustomertest" time="0.039" classname="com.actitime.genericlib.Beforeandaftermethodtest"/>
  <testcase name="modifycustomertest" time="0.002" classname="com.actitime.genericlib.Beforeandaftermethodtest"/>
</testsuite> <!-- com.actitime.genericlib.Beforeandaftermethodtest -->
